<?xml version="1.0" encoding="UTF-8" ?>
<testsuite tests="9" failures="3" name="TestSuite" time="248.485" errors="0" skipped="0">
  <properties>
[...]
</properties>
  <testcase classname="com.naniTech.automation.testcases.ProductsPageTest" name="selectProductByFilterTest" time="26.119">
    <failure type="java.lang.NullPointerException">java.lang.NullPointerException
	at org.openqa.selenium.support.pagefactory.DefaultElementLocator.findElement(DefaultElementLocator.java:69)
	at org.openqa.selenium.support.pagefactory.internal.LocatingElementHandler.invoke(LocatingElementHandler.java:38)
	at com.sun.proxy.$Proxy10.isSelected(Unknown Source)
	at com.naniTech.automation.pages.ProductsPage.selectProductByFilter(ProductsPage.java:38)
	at com.naniTech.automation.testcases.ProductsPageTest.selectProductByFilterTest(ProductsPageTest.java:44)
</failure>
    <system-out>Configuring TestNG with: org.apache.maven.surefire.testng.conf.TestNG652Configurator@7382f612
</system-out>
    <system-err>Starting ChromeDriver 2.38.552522 (437e6fbedfa8762dec75e2c5b3ddb86763dc9dcb) on port 13877
Only local connections are allowed.
Jan 27, 2019 7:07:07 AM org.openqa.selenium.remote.ProtocolHandshake createSession
INFO: Detected dialect: OSS
</system-err>
  </testcase>
  <testcase classname="com.naniTech.automation.testcases.ProductsPageTest" name="tearDown" time="26.125">
    <failure type="java.lang.NullPointerException">java.lang.NullPointerException
	at com.naniTech.automation.testbase.TestBase.attachStatusToExtentReport(TestBase.java:99)
	at com.naniTech.automation.testcases.ProductsPageTest.tearDown(ProductsPageTest.java:49)
</failure>
  </testcase>
  <testcase classname="com.naniTech.automation.testcases.IntroPageTest" name="getTitleTest" time="0.259"/>
  <testcase classname="com.naniTech.automation.testcases.SignInPageTest" name="checkCreateAccountBtnTest" time="4.039"/>
  <testcase classname="com.naniTech.automation.testcases.IntroPageTest" name="checkAmazonLogoTest" time="6.337"/>
  <testcase classname="com.naniTech.automation.testcases.SignInPageTest" name="loginLogoutAmazonTest" time="129.865">
    <failure message="no such element: Unable to locate element: {&quot;method&quot;:&quot;xpath&quot;,&quot;selector&quot;:&quot;//a[@id=&apos;nav-item-signout-sa&apos; and ./span[contains(.,&apos;Sign Out&apos;)]]&quot;}
  (Session info: chrome=71.0.3578.98)
  (Driver info: chromedriver=2.38.552522 (437e6fbedfa8762dec75e2c5b3ddb86763dc9dcb),platform=Windows NT 10.0.16299 x86_64) (WARNING: The server did not provide any stacktrace information)
Command duration or timeout: 0 milliseconds
For documentation on this error, please visit: http://seleniumhq.org/exceptions/no_such_element.html
Build info: version: &apos;3.12.0&apos;, revision: &apos;7c6e0b3&apos;, time: &apos;2018-05-08T14:04:26.12Z&apos;
System info: host: &apos;DESKTOP-7PT4AIA&apos;, ip: &apos;192.168.170.1&apos;, os.name: &apos;Windows 10&apos;, os.arch: &apos;amd64&apos;, os.version: &apos;10.0&apos;, java.version: &apos;1.8.0_161&apos;
Driver info: org.openqa.selenium.chrome.ChromeDriver
Capabilities {acceptInsecureCerts: false, acceptSslCerts: false, applicationCacheEnabled: false, browserConnectionEnabled: false, browserName: chrome, chrome: {chromedriverVersion: 2.38.552522 (437e6fbedfa876..., userDataDir: C:\WINDOWS\TEMP\scoped_dir6...}, cssSelectorsEnabled: true, databaseEnabled: false, handlesAlerts: true, hasTouchScreen: false, javascriptEnabled: true, locationContextEnabled: true, mobileEmulationEnabled: false, nativeEvents: true, networkConnectionEnabled: false, pageLoadStrategy: normal, platform: XP, platformName: XP, rotatable: false, setWindowRect: true, takesHeapSnapshot: true, takesScreenshot: true, unexpectedAlertBehaviour: , unhandledPromptBehavior: , version: 71.0.3578.98, webStorageEnabled: true}
Session ID: 8f3669647ee7a42b46c4b598ccce227b
*** Element info: {Using=xpath, value=//a[@id=&apos;nav-item-signout-sa&apos; and ./span[contains(.,&apos;Sign Out&apos;)]]}" type="org.openqa.selenium.NoSuchElementException">org.openqa.selenium.NoSuchElementException: no such element: Unable to locate element: {&quot;method&quot;:&quot;xpath&quot;,&quot;selector&quot;:&quot;//a[@id=&apos;nav-item-signout-sa&apos; and ./span[contains(.,&apos;Sign Out&apos;)]]&quot;}
  (Session info: chrome=71.0.3578.98)
  (Driver info: chromedriver=2.38.552522 (437e6fbedfa8762dec75e2c5b3ddb86763dc9dcb),platform=Windows NT 10.0.16299 x86_64) (WARNING: The server did not provide any stacktrace information)
Command duration or timeout: 0 milliseconds
For documentation on this error, please visit: http://seleniumhq.org/exceptions/no_such_element.html
Build info: version: &apos;3.12.0&apos;, revision: &apos;7c6e0b3&apos;, time: &apos;2018-05-08T14:04:26.12Z&apos;
System info: host: &apos;DESKTOP-7PT4AIA&apos;, ip: &apos;192.168.170.1&apos;, os.name: &apos;Windows 10&apos;, os.arch: &apos;amd64&apos;, os.version: &apos;10.0&apos;, java.version: &apos;1.8.0_161&apos;
Driver info: org.openqa.selenium.chrome.ChromeDriver
Capabilities {acceptInsecureCerts: false, acceptSslCerts: false, applicationCacheEnabled: false, browserConnectionEnabled: false, browserName: chrome, chrome: {chromedriverVersion: 2.38.552522 (437e6fbedfa876..., userDataDir: C:\WINDOWS\TEMP\scoped_dir6...}, cssSelectorsEnabled: true, databaseEnabled: false, handlesAlerts: true, hasTouchScreen: false, javascriptEnabled: true, locationContextEnabled: true, mobileEmulationEnabled: false, nativeEvents: true, networkConnectionEnabled: false, pageLoadStrategy: normal, platform: XP, platformName: XP, rotatable: false, setWindowRect: true, takesHeapSnapshot: true, takesScreenshot: true, unexpectedAlertBehaviour: , unhandledPromptBehavior: , version: 71.0.3578.98, webStorageEnabled: true}
Session ID: 8f3669647ee7a42b46c4b598ccce227b
*** Element info: {Using=xpath, value=//a[@id=&apos;nav-item-signout-sa&apos; and ./span[contains(.,&apos;Sign Out&apos;)]]}
	at sun.reflect.NativeConstructorAccessorImpl.newInstance0(Native Method)
	at sun.reflect.NativeConstructorAccessorImpl.newInstance(NativeConstructorAccessorImpl.java:62)
	at sun.reflect.DelegatingConstructorAccessorImpl.newInstance(DelegatingConstructorAccessorImpl.java:45)
	at java.lang.reflect.Constructor.newInstance(Constructor.java:423)
	at org.openqa.selenium.remote.ErrorHandler.createThrowable(ErrorHandler.java:214)
	at org.openqa.selenium.remote.ErrorHandler.throwIfResponseFailed(ErrorHandler.java:166)
	at org.openqa.selenium.remote.http.JsonHttpResponseCodec.reconstructValue(JsonHttpResponseCodec.java:40)
	at org.openqa.selenium.remote.http.AbstractHttpResponseCodec.decode(AbstractHttpResponseCodec.java:80)
	at org.openqa.selenium.remote.http.AbstractHttpResponseCodec.decode(AbstractHttpResponseCodec.java:44)
	at org.openqa.selenium.remote.HttpCommandExecutor.execute(HttpCommandExecutor.java:158)
	at org.openqa.selenium.remote.service.DriverCommandExecutor.execute(DriverCommandExecutor.java:83)
	at org.openqa.selenium.remote.RemoteWebDriver.execute(RemoteWebDriver.java:543)
	at org.openqa.selenium.remote.RemoteWebDriver.findElement(RemoteWebDriver.java:317)
	at org.openqa.selenium.remote.RemoteWebDriver.findElementByXPath(RemoteWebDriver.java:419)
	at org.openqa.selenium.By$ByXPath.findElement(By.java:353)
	at org.openqa.selenium.remote.RemoteWebDriver.findElement(RemoteWebDriver.java:309)
	at org.openqa.selenium.support.pagefactory.DefaultElementLocator.findElement(DefaultElementLocator.java:69)
	at org.openqa.selenium.support.pagefactory.internal.LocatingElementHandler.invoke(LocatingElementHandler.java:38)
	at com.sun.proxy.$Proxy10.click(Unknown Source)
	at com.naniTech.automation.pages.SignInPage.getLogoutBtn(SignInPage.java:77)
	at com.naniTech.automation.testcases.SignInPageTest.loginLogoutAmazonTest(SignInPageTest.java:59)
</failure>
    <system-err>Starting ChromeDriver 2.38.552522 (437e6fbedfa8762dec75e2c5b3ddb86763dc9dcb) on port 32998
Only local connections are allowed.
Jan 27, 2019 7:10:02 AM org.openqa.selenium.remote.ProtocolHandshake createSession
INFO: Detected dialect: OSS
</system-err>
  </testcase>
  <testcase classname="com.naniTech.automation.testcases.IntroPageTest" name="signInPageTest" time="12.416"/>
  <testcase classname="com.naniTech.automation.testcases.IntroPageTest" name="searchProductTest" time="19.57"/>
  <testcase classname="com.naniTech.automation.testcases.IntroPageTest" name="naviageToProducts" time="23.755"/>
</testsuite>